Started GET "/" for ::1 at 2019-05-30 13:50:59 -0400
Processing by Rails::WelcomeController#index as HTML
  Rendering /Users/carlosboykins/.rvm/gems/ruby-2.6.0/gems/railties-5.2.3/lib/rails/templates/rails/welcome/index.html.erb
  Rendered /Users/carlosboykins/.rvm/gems/ruby-2.6.0/gems/railties-5.2.3/lib/rails/templates/rails/welcome/index.html.erb (3.6ms)
Completed 200 OK in 15ms (Views: 8.7ms | ActiveRecord: 0.0ms)


Started GET "/" for ::1 at 2019-05-30 14:00:27 -0400
  
ArgumentError (Missing :controller key on routes definition, please check your routes.):
  
config/routes.rb:2:in `block in <main>'
config/routes.rb:1:in `<main>'
Started GET "/" for ::1 at 2019-05-30 14:00:52 -0400
Processing by HomeController#index as HTML
  Rendering home/index.html.erb within layouts/application
  Rendered home/index.html.erb within layouts/application (0.2ms)
Completed 200 OK in 811ms (Views: 809.9ms | ActiveRecord: 0.0ms)


Started GET "/" for ::1 at 2019-05-30 14:22:37 -0400
Processing by HomeController#index as HTML
  Rendering home/index.html.erb within layouts/application
  Rendered home/index.html.erb within layouts/application (0.3ms)
Completed 200 OK in 12ms (Views: 10.6ms | ActiveRecord: 0.0ms)


Started GET "/" for ::1 at 2019-05-30 14:22:44 -0400
Processing by HomeController#index as HTML
  Rendering home/index.html.erb within layouts/application
  Rendered home/index.html.erb within layouts/application (0.2ms)
Completed 200 OK in 10ms (Views: 9.5ms | ActiveRecord: 0.0ms)


Started GET "/team" for ::1 at 2019-05-30 14:22:53 -0400
  
ActionController::RoutingError (No route matches [GET] "/team"):
  
actionpack (5.2.3) lib/action_dispatch/middleware/debug_exceptions.rb:65:in `call'
web-console (3.7.0) lib/web_console/middleware.rb:135:in `call_app'
web-console (3.7.0) lib/web_console/middleware.rb:30:in `block in call'
web-console (3.7.0) lib/web_console/middleware.rb:20:in `catch'
web-console (3.7.0) lib/web_console/middleware.rb:20:in `call'
actionpack (5.2.3) lib/action_dispatch/middleware/show_exceptions.rb:33:in `call'
railties (5.2.3) lib/rails/rack/logger.rb:38:in `call_app'
railties (5.2.3) lib/rails/rack/logger.rb:26:in `block in call'
activesupport (5.2.3) lib/active_support/tagged_logging.rb:71:in `block in tagged'
activesupport (5.2.3) lib/active_support/tagged_logging.rb:28:in `tagged'
activesupport (5.2.3) lib/active_support/tagged_logging.rb:71:in `tagged'
railties (5.2.3) lib/rails/rack/logger.rb:26:in `call'
sprockets-rails (3.2.1) lib/sprockets/rails/quiet_assets.rb:13:in `call'
actionpack (5.2.3) lib/action_dispatch/middleware/remote_ip.rb:81:in `call'
actionpack (5.2.3) lib/action_dispatch/middleware/request_id.rb:27:in `call'
rack (2.0.7) lib/rack/method_override.rb:22:in `call'
rack (2.0.7) lib/rack/runtime.rb:22:in `call'
activesupport (5.2.3) lib/active_support/cache/strategy/local_cache_middleware.rb:29:in `call'
actionpack (5.2.3) lib/action_dispatch/middleware/executor.rb:14:in `call'
actionpack (5.2.3) lib/action_dispatch/middleware/static.rb:127:in `call'
rack (2.0.7) lib/rack/sendfile.rb:111:in `call'
railties (5.2.3) lib/rails/engine.rb:524:in `call'
puma (3.12.1) lib/puma/configuration.rb:227:in `call'
puma (3.12.1) lib/puma/server.rb:660:in `handle_request'
puma (3.12.1) lib/puma/server.rb:474:in `process_client'
puma (3.12.1) lib/puma/server.rb:334:in `block in run'
puma (3.12.1) lib/puma/thread_pool.rb:135:in `block in spawn_thread'
Started GET "/home/team" for ::1 at 2019-05-30 14:23:24 -0400
  
ActionController::RoutingError (No route matches [GET] "/home/team"):
  
actionpack (5.2.3) lib/action_dispatch/middleware/debug_exceptions.rb:65:in `call'
web-console (3.7.0) lib/web_console/middleware.rb:135:in `call_app'
web-console (3.7.0) lib/web_console/middleware.rb:30:in `block in call'
web-console (3.7.0) lib/web_console/middleware.rb:20:in `catch'
web-console (3.7.0) lib/web_console/middleware.rb:20:in `call'
actionpack (5.2.3) lib/action_dispatch/middleware/show_exceptions.rb:33:in `call'
railties (5.2.3) lib/rails/rack/logger.rb:38:in `call_app'
railties (5.2.3) lib/rails/rack/logger.rb:26:in `block in call'
activesupport (5.2.3) lib/active_support/tagged_logging.rb:71:in `block in tagged'
activesupport (5.2.3) lib/active_support/tagged_logging.rb:28:in `tagged'
activesupport (5.2.3) lib/active_support/tagged_logging.rb:71:in `tagged'
railties (5.2.3) lib/rails/rack/logger.rb:26:in `call'
sprockets-rails (3.2.1) lib/sprockets/rails/quiet_assets.rb:13:in `call'
actionpack (5.2.3) lib/action_dispatch/middleware/remote_ip.rb:81:in `call'
actionpack (5.2.3) lib/action_dispatch/middleware/request_id.rb:27:in `call'
rack (2.0.7) lib/rack/method_override.rb:22:in `call'
rack (2.0.7) lib/rack/runtime.rb:22:in `call'
activesupport (5.2.3) lib/active_support/cache/strategy/local_cache_middleware.rb:29:in `call'
actionpack (5.2.3) lib/action_dispatch/middleware/executor.rb:14:in `call'
actionpack (5.2.3) lib/action_dispatch/middleware/static.rb:127:in `call'
rack (2.0.7) lib/rack/sendfile.rb:111:in `call'
railties (5.2.3) lib/rails/engine.rb:524:in `call'
puma (3.12.1) lib/puma/configuration.rb:227:in `call'
puma (3.12.1) lib/puma/server.rb:660:in `handle_request'
puma (3.12.1) lib/puma/server.rb:474:in `process_client'
puma (3.12.1) lib/puma/server.rb:334:in `block in run'
puma (3.12.1) lib/puma/thread_pool.rb:135:in `block in spawn_thread'
Started GET "/home/team" for ::1 at 2019-05-30 14:23:31 -0400
  
ActionController::RoutingError (No route matches [GET] "/home/team"):
  
actionpack (5.2.3) lib/action_dispatch/middleware/debug_exceptions.rb:65:in `call'
web-console (3.7.0) lib/web_console/middleware.rb:135:in `call_app'
web-console (3.7.0) lib/web_console/middleware.rb:30:in `block in call'
web-console (3.7.0) lib/web_console/middleware.rb:20:in `catch'
web-console (3.7.0) lib/web_console/middleware.rb:20:in `call'
actionpack (5.2.3) lib/action_dispatch/middleware/show_exceptions.rb:33:in `call'
railties (5.2.3) lib/rails/rack/logger.rb:38:in `call_app'
railties (5.2.3) lib/rails/rack/logger.rb:26:in `block in call'
activesupport (5.2.3) lib/active_support/tagged_logging.rb:71:in `block in tagged'
activesupport (5.2.3) lib/active_support/tagged_logging.rb:28:in `tagged'
activesupport (5.2.3) lib/active_support/tagged_logging.rb:71:in `tagged'
railties (5.2.3) lib/rails/rack/logger.rb:26:in `call'
sprockets-rails (3.2.1) lib/sprockets/rails/quiet_assets.rb:13:in `call'
actionpack (5.2.3) lib/action_dispatch/middleware/remote_ip.rb:81:in `call'
actionpack (5.2.3) lib/action_dispatch/middleware/request_id.rb:27:in `call'
rack (2.0.7) lib/rack/method_override.rb:22:in `call'
rack (2.0.7) lib/rack/runtime.rb:22:in `call'
activesupport (5.2.3) lib/active_support/cache/strategy/local_cache_middleware.rb:29:in `call'
actionpack (5.2.3) lib/action_dispatch/middleware/executor.rb:14:in `call'
actionpack (5.2.3) lib/action_dispatch/middleware/static.rb:127:in `call'
rack (2.0.7) lib/rack/sendfile.rb:111:in `call'
railties (5.2.3) lib/rails/engine.rb:524:in `call'
puma (3.12.1) lib/puma/configuration.rb:227:in `call'
puma (3.12.1) lib/puma/server.rb:660:in `handle_request'
puma (3.12.1) lib/puma/server.rb:474:in `process_client'
puma (3.12.1) lib/puma/server.rb:334:in `block in run'
puma (3.12.1) lib/puma/thread_pool.rb:135:in `block in spawn_thread'
Started GET "/home/team" for ::1 at 2019-05-30 14:24:00 -0400
Processing by HomeController#team as HTML
  Rendering home/team.html.erb within layouts/application
  Rendered home/team.html.erb within layouts/application (0.2ms)
Completed 200 OK in 11ms (Views: 10.0ms | ActiveRecord: 0.0ms)


Started GET "/home/team" for ::1 at 2019-05-30 14:25:44 -0400
Processing by HomeController#team as HTML
  Rendering home/team.html.erb within layouts/application
  Rendered home/team.html.erb within layouts/application (0.2ms)
Completed 200 OK in 10ms (Views: 9.0ms | ActiveRecord: 0.0ms)


Started GET "/home/lookupform" for ::1 at 2019-05-30 14:25:46 -0400
  
ActionController::RoutingError (No route matches [GET] "/home/lookupform"):
  
actionpack (5.2.3) lib/action_dispatch/middleware/debug_exceptions.rb:65:in `call'
web-console (3.7.0) lib/web_console/middleware.rb:135:in `call_app'
web-console (3.7.0) lib/web_console/middleware.rb:30:in `block in call'
web-console (3.7.0) lib/web_console/middleware.rb:20:in `catch'
web-console (3.7.0) lib/web_console/middleware.rb:20:in `call'
actionpack (5.2.3) lib/action_dispatch/middleware/show_exceptions.rb:33:in `call'
railties (5.2.3) lib/rails/rack/logger.rb:38:in `call_app'
railties (5.2.3) lib/rails/rack/logger.rb:26:in `block in call'
activesupport (5.2.3) lib/active_support/tagged_logging.rb:71:in `block in tagged'
activesupport (5.2.3) lib/active_support/tagged_logging.rb:28:in `tagged'
activesupport (5.2.3) lib/active_support/tagged_logging.rb:71:in `tagged'
railties (5.2.3) lib/rails/rack/logger.rb:26:in `call'
sprockets-rails (3.2.1) lib/sprockets/rails/quiet_assets.rb:13:in `call'
actionpack (5.2.3) lib/action_dispatch/middleware/remote_ip.rb:81:in `call'
actionpack (5.2.3) lib/action_dispatch/middleware/request_id.rb:27:in `call'
rack (2.0.7) lib/rack/method_override.rb:22:in `call'
rack (2.0.7) lib/rack/runtime.rb:22:in `call'
activesupport (5.2.3) lib/active_support/cache/strategy/local_cache_middleware.rb:29:in `call'
actionpack (5.2.3) lib/action_dispatch/middleware/executor.rb:14:in `call'
actionpack (5.2.3) lib/action_dispatch/middleware/static.rb:127:in `call'
rack (2.0.7) lib/rack/sendfile.rb:111:in `call'
railties (5.2.3) lib/rails/engine.rb:524:in `call'
puma (3.12.1) lib/puma/configuration.rb:227:in `call'
puma (3.12.1) lib/puma/server.rb:660:in `handle_request'
puma (3.12.1) lib/puma/server.rb:474:in `process_client'
puma (3.12.1) lib/puma/server.rb:334:in `block in run'
puma (3.12.1) lib/puma/thread_pool.rb:135:in `block in spawn_thread'
Started GET "/home/heroes" for ::1 at 2019-05-30 14:25:50 -0400
Processing by HomeController#heroes as HTML
  Rendering home/heroes.html.erb within layouts/application
  Rendered home/heroes.html.erb within layouts/application (0.2ms)
Completed 200 OK in 11ms (Views: 10.2ms | ActiveRecord: 0.0ms)


Started GET "/home/heroes" for ::1 at 2019-05-30 14:45:41 -0400
Processing by HomeController#heroes as HTML
  Rendering home/heroes.html.erb within layouts/application
  Rendered home/heroes.html.erb within layouts/application (1.1ms)
Completed 200 OK in 1262ms (Views: 1258.3ms | ActiveRecord: 0.0ms)


Started GET "/" for ::1 at 2019-05-30 14:45:44 -0400
Processing by HomeController#index as HTML
  Rendering home/index.html.erb within layouts/application
  Rendered home/index.html.erb within layouts/application (0.4ms)
Completed 200 OK in 18ms (Views: 16.2ms | ActiveRecord: 0.0ms)


Started GET "/home/heroes" for ::1 at 2019-05-30 14:45:46 -0400
Processing by HomeController#heroes as HTML
  Rendering home/heroes.html.erb within layouts/application
  Rendered home/heroes.html.erb within layouts/application (0.4ms)
Completed 200 OK in 17ms (Views: 16.6ms | ActiveRecord: 0.0ms)


Started GET "/home/team" for ::1 at 2019-05-30 14:45:47 -0400
Processing by HomeController#team as HTML
  Rendering home/team.html.erb within layouts/application
  Rendered home/team.html.erb within layouts/application (0.4ms)
Completed 200 OK in 15ms (Views: 14.1ms | ActiveRecord: 0.0ms)


Started GET "/home/heroes" for ::1 at 2019-05-30 14:45:48 -0400
Processing by HomeController#heroes as HTML
  Rendering home/heroes.html.erb within layouts/application
  Rendered home/heroes.html.erb within layouts/application (0.3ms)
Completed 200 OK in 15ms (Views: 14.2ms | ActiveRecord: 0.0ms)


Started GET "/" for ::1 at 2019-05-30 14:45:48 -0400
Processing by HomeController#index as HTML
  Rendering home/index.html.erb within layouts/application
  Rendered home/index.html.erb within layouts/application (0.2ms)
Completed 200 OK in 15ms (Views: 13.7ms | ActiveRecord: 0.0ms)


Started GET "/home/heroes" for ::1 at 2019-05-30 14:45:49 -0400
Processing by HomeController#heroes as HTML
  Rendering home/heroes.html.erb within layouts/application
  Rendered home/heroes.html.erb within layouts/application (0.3ms)
Completed 200 OK in 16ms (Views: 14.7ms | ActiveRecord: 0.0ms)


Started GET "/home/team" for ::1 at 2019-05-30 14:45:51 -0400
Processing by HomeController#team as HTML
  Rendering home/team.html.erb within layouts/application
  Rendered home/team.html.erb within layouts/application (0.2ms)
Completed 200 OK in 31ms (Views: 29.9ms | ActiveRecord: 0.0ms)


Started GET "/home/heroes" for ::1 at 2019-05-30 14:45:52 -0400
Processing by HomeController#heroes as HTML
  Rendering home/heroes.html.erb within layouts/application
  Rendered home/heroes.html.erb within layouts/application (0.3ms)
Completed 200 OK in 14ms (Views: 13.4ms | ActiveRecord: 0.0ms)


Started GET "/" for ::1 at 2019-05-30 14:45:53 -0400
Processing by HomeController#index as HTML
  Rendering home/index.html.erb within layouts/application
  Rendered home/index.html.erb within layouts/application (0.2ms)
Completed 200 OK in 15ms (Views: 14.2ms | ActiveRecord: 0.0ms)


Started GET "/home/heroes" for ::1 at 2019-05-30 14:45:56 -0400
Processing by HomeController#heroes as HTML
  Rendering home/heroes.html.erb within layouts/application
  Rendered home/heroes.html.erb within layouts/application (0.3ms)
Completed 200 OK in 15ms (Views: 14.3ms | ActiveRecord: 0.0ms)


Started GET "/home/team" for ::1 at 2019-05-30 14:45:57 -0400
Processing by HomeController#team as HTML
  Rendering home/team.html.erb within layouts/application
  Rendered home/team.html.erb within layouts/application (0.2ms)
Completed 200 OK in 14ms (Views: 13.1ms | ActiveRecord: 0.0ms)


Started GET "/home/team" for ::1 at 2019-05-30 14:51:31 -0400
Processing by HomeController#team as HTML
  Rendering home/team.html.erb within layouts/application
  Rendered home/team.html.erb within layouts/application (0.2ms)
Completed 200 OK in 13ms (Views: 12.1ms | ActiveRecord: 0.0ms)


Started GET "/home/team" for ::1 at 2019-05-30 14:53:05 -0400
Processing by HomeController#team as HTML
  Rendering home/team.html.erb within layouts/application
  Rendered home/team.html.erb within layouts/application (0.3ms)
Completed 200 OK in 17ms (Views: 15.6ms | ActiveRecord: 0.0ms)


Started GET "/home/team" for ::1 at 2019-05-30 14:56:53 -0400
Processing by HomeController#team as HTML
  Rendering home/team.html.erb within layouts/application
  Rendered home/team.html.erb within layouts/application (0.2ms)
  Rendered home/_navbar.html.erb (0.4ms)
Completed 200 OK in 12ms (Views: 11.2ms | ActiveRecord: 0.0ms)


Started GET "/" for ::1 at 2019-05-30 14:56:56 -0400
Processing by HomeController#index as HTML
  Rendering home/index.html.erb within layouts/application
  Rendered home/index.html.erb within layouts/application (0.3ms)
  Rendered home/_navbar.html.erb (0.4ms)
Completed 200 OK in 30ms (Views: 28.2ms | ActiveRecord: 0.0ms)


Started GET "/home/heroes" for ::1 at 2019-05-30 14:56:57 -0400
Processing by HomeController#heroes as HTML
  Rendering home/heroes.html.erb within layouts/application
  Rendered home/heroes.html.erb within layouts/application (0.3ms)
  Rendered home/_navbar.html.erb (0.6ms)
Completed 200 OK in 19ms (Views: 17.0ms | ActiveRecord: 0.0ms)


Started GET "/home/team" for ::1 at 2019-05-30 14:56:58 -0400
Processing by HomeController#team as HTML
  Rendering home/team.html.erb within layouts/application
  Rendered home/team.html.erb within layouts/application (0.2ms)
  Rendered home/_navbar.html.erb (0.4ms)
Completed 200 OK in 15ms (Views: 14.5ms | ActiveRecord: 0.0ms)


Started GET "/" for ::1 at 2019-05-30 14:56:59 -0400
Processing by HomeController#index as HTML
  Rendering home/index.html.erb within layouts/application
  Rendered home/index.html.erb within layouts/application (0.3ms)
  Rendered home/_navbar.html.erb (0.4ms)
Completed 200 OK in 16ms (Views: 15.1ms | ActiveRecord: 0.0ms)


Started GET "/home/heroes" for ::1 at 2019-05-30 14:57:00 -0400
Processing by HomeController#heroes as HTML
  Rendering home/heroes.html.erb within layouts/application
  Rendered home/heroes.html.erb within layouts/application (0.2ms)
  Rendered home/_navbar.html.erb (0.5ms)
Completed 200 OK in 16ms (Views: 14.7ms | ActiveRecord: 0.0ms)


Started GET "/home/team" for ::1 at 2019-05-30 14:57:00 -0400
Processing by HomeController#team as HTML
  Rendering home/team.html.erb within layouts/application
  Rendered home/team.html.erb within layouts/application (0.2ms)
  Rendered home/_navbar.html.erb (0.4ms)
Completed 200 OK in 15ms (Views: 14.1ms | ActiveRecord: 0.0ms)


Started GET "/home/team" for ::1 at 2019-05-30 14:59:08 -0400
Processing by HomeController#team as HTML
  Rendering home/team.html.erb within layouts/application
  Rendered home/team.html.erb within layouts/application (0.2ms)
  Rendered home/_navbar.html.erb (0.4ms)
  Rendered home/_barbar.html.erb (0.2ms)
Completed 200 OK in 13ms (Views: 12.0ms | ActiveRecord: 0.0ms)


Started GET "/home/heroes" for ::1 at 2019-05-30 14:59:11 -0400
Processing by HomeController#heroes as HTML
  Rendering home/heroes.html.erb within layouts/application
  Rendered home/heroes.html.erb within layouts/application (0.3ms)
  Rendered home/_navbar.html.erb (0.4ms)
  Rendered home/_barbar.html.erb (0.2ms)
Completed 200 OK in 17ms (Views: 15.7ms | ActiveRecord: 0.0ms)


Started GET "/home/team" for ::1 at 2019-05-30 14:59:12 -0400
Processing by HomeController#team as HTML
  Rendering home/team.html.erb within layouts/application
  Rendered home/team.html.erb within layouts/application (0.2ms)
  Rendered home/_navbar.html.erb (0.4ms)
  Rendered home/_barbar.html.erb (0.2ms)
Completed 200 OK in 16ms (Views: 15.0ms | ActiveRecord: 0.0ms)


Started GET "/" for ::1 at 2019-05-30 14:59:13 -0400
Processing by HomeController#index as HTML
  Rendering home/index.html.erb within layouts/application
  Rendered home/index.html.erb within layouts/application (0.2ms)
  Rendered home/_navbar.html.erb (0.4ms)
  Rendered home/_barbar.html.erb (0.2ms)
Completed 200 OK in 30ms (Views: 29.2ms | ActiveRecord: 0.0ms)


Started GET "/home/heroes" for ::1 at 2019-05-30 14:59:14 -0400
Processing by HomeController#heroes as HTML
  Rendering home/heroes.html.erb within layouts/application
  Rendered home/heroes.html.erb within layouts/application (0.3ms)
  Rendered home/_navbar.html.erb (0.5ms)
  Rendered home/_barbar.html.erb (0.3ms)
Completed 200 OK in 17ms (Views: 16.3ms | ActiveRecord: 0.0ms)


Started GET "/home/team" for ::1 at 2019-05-30 14:59:15 -0400
Processing by HomeController#team as HTML
  Rendering home/team.html.erb within layouts/application
  Rendered home/team.html.erb within layouts/application (0.2ms)
  Rendered home/_navbar.html.erb (0.4ms)
  Rendered home/_barbar.html.erb (0.2ms)
Completed 200 OK in 16ms (Views: 15.3ms | ActiveRecord: 0.0ms)


Started GET "/" for ::1 at 2019-05-30 14:59:16 -0400
Processing by HomeController#index as HTML
  Rendering home/index.html.erb within layouts/application
  Rendered home/index.html.erb within layouts/application (0.2ms)
  Rendered home/_navbar.html.erb (0.4ms)
  Rendered home/_barbar.html.erb (0.2ms)
Completed 200 OK in 17ms (Views: 16.0ms | ActiveRecord: 0.0ms)


Started GET "/home/heroes" for ::1 at 2019-05-30 14:59:17 -0400
Processing by HomeController#heroes as HTML
  Rendering home/heroes.html.erb within layouts/application
  Rendered home/heroes.html.erb within layouts/application (0.2ms)
  Rendered home/_navbar.html.erb (0.4ms)
  Rendered home/_barbar.html.erb (0.2ms)
Completed 200 OK in 16ms (Views: 15.0ms | ActiveRecord: 0.0ms)


Started GET "/home/heroes" for ::1 at 2019-05-30 15:00:43 -0400
Processing by HomeController#heroes as HTML
  Rendering home/heroes.html.erb within layouts/application
  Rendered home/heroes.html.erb within layouts/application (0.2ms)
Started GET "/" for ::1 at 2019-05-30 15:00:43 -0400
Started GET "/home/team" for ::1 at 2019-05-30 15:00:43 -0400
Started GET "/home/heroes" for ::1 at 2019-05-30 15:00:43 -0400
Processing by HomeController#index as HTML
Processing by HomeController#team as HTML
Processing by HomeController#heroes as HTML
  Rendering home/team.html.erb within layouts/application
  Rendering home/index.html.erb within layouts/application
  Rendered home/team.html.erb within layouts/application (0.2ms)
  Rendering home/heroes.html.erb within layouts/application
  Rendered home/index.html.erb within layouts/application (0.3ms)
  Rendered home/heroes.html.erb within layouts/application (0.2ms)
  Rendered home/_navbar.html.erb (0.4ms)
  Rendered home/_barbar.html.erb (0.3ms)
Completed 200 OK in 37ms (Views: 36.3ms | ActiveRecord: 0.0ms)


  Rendered home/_navbar.html.erb (0.4ms)
  Rendered home/_barbar.html.erb (0.3ms)
Completed 200 OK in 45ms (Views: 41.3ms | ActiveRecord: 0.0ms)


  Rendered home/_navbar.html.erb (0.1ms)
  Rendered home/_barbar.html.erb (0.1ms)
Completed 200 OK in 45ms (Views: 43.5ms | ActiveRecord: 0.0ms)


  Rendered home/_navbar.html.erb (0.1ms)
  Rendered home/_barbar.html.erb (0.1ms)
Completed 200 OK in 45ms (Views: 42.8ms | ActiveRecord: 0.0ms)


Started GET "/home/heroes" for ::1 at 2019-05-30 15:00:47 -0400
Processing by HomeController#heroes as HTML
  Rendering home/heroes.html.erb within layouts/application
  Rendered home/heroes.html.erb within layouts/application (15.8ms)
  Rendered home/_navbar.html.erb (0.5ms)
  Rendered home/_barbar.html.erb (0.3ms)
Completed 200 OK in 31ms (Views: 30.5ms | ActiveRecord: 0.0ms)


Started GET "/" for ::1 at 2019-05-30 15:00:51 -0400
Processing by HomeController#index as HTML
  Rendering home/index.html.erb within layouts/application
  Rendered home/index.html.erb within layouts/application (0.2ms)
  Rendered home/_navbar.html.erb (0.4ms)
  Rendered home/_barbar.html.erb (0.3ms)
Completed 200 OK in 13ms (Views: 12.0ms | ActiveRecord: 0.0ms)


Started GET "/home/team" for ::1 at 2019-05-30 15:00:54 -0400
Processing by HomeController#team as HTML
  Rendering home/team.html.erb within layouts/application
  Rendered home/team.html.erb within layouts/application (0.3ms)
  Rendered home/_navbar.html.erb (0.4ms)
  Rendered home/_barbar.html.erb (0.3ms)
Completed 200 OK in 18ms (Views: 16.7ms | ActiveRecord: 0.0ms)


Started GET "/home/heroes" for ::1 at 2019-05-30 15:00:56 -0400
Processing by HomeController#heroes as HTML
  Rendering home/heroes.html.erb within layouts/application
  Rendered home/heroes.html.erb within layouts/application (0.2ms)
  Rendered home/_navbar.html.erb (0.4ms)
  Rendered home/_barbar.html.erb (0.3ms)
Completed 200 OK in 16ms (Views: 15.1ms | ActiveRecord: 0.0ms)


Started GET "/" for ::1 at 2019-05-30 15:00:57 -0400
Processing by HomeController#index as HTML
  Rendering home/index.html.erb within layouts/application
  Rendered home/index.html.erb within layouts/application (0.3ms)
  Rendered home/_navbar.html.erb (0.5ms)
  Rendered home/_barbar.html.erb (0.6ms)
Completed 200 OK in 17ms (Views: 16.3ms | ActiveRecord: 0.0ms)


Started GET "/" for ::1 at 2019-05-30 15:00:59 -0400
Processing by HomeController#index as HTML
  Rendering home/index.html.erb within layouts/application
  Rendered home/index.html.erb within layouts/application (0.2ms)
  Rendered home/_navbar.html.erb (0.4ms)
  Rendered home/_barbar.html.erb (0.3ms)
Completed 200 OK in 12ms (Views: 11.6ms | ActiveRecord: 0.0ms)


Started GET "/home/heroes" for ::1 at 2019-05-30 15:01:01 -0400
Processing by HomeController#heroes as HTML
  Rendering home/heroes.html.erb within layouts/application
  Rendered home/heroes.html.erb within layouts/application (0.2ms)
  Rendered home/_navbar.html.erb (0.7ms)
  Rendered home/_barbar.html.erb (0.4ms)
Completed 200 OK in 16ms (Views: 15.5ms | ActiveRecord: 0.0ms)


Started GET "/" for ::1 at 2019-05-30 15:01:02 -0400
Processing by HomeController#index as HTML
  Rendering home/index.html.erb within layouts/application
  Rendered home/index.html.erb within layouts/application (0.2ms)
  Rendered home/_navbar.html.erb (0.5ms)
  Rendered home/_barbar.html.erb (0.3ms)
Completed 200 OK in 18ms (Views: 16.8ms | ActiveRecord: 0.0ms)


Started GET "/home/team" for ::1 at 2019-05-30 15:01:03 -0400
Processing by HomeController#team as HTML
  Rendering home/team.html.erb within layouts/application
  Rendered home/team.html.erb within layouts/application (0.2ms)
  Rendered home/_navbar.html.erb (0.4ms)
  Rendered home/_barbar.html.erb (0.3ms)
Completed 200 OK in 30ms (Views: 29.0ms | ActiveRecord: 0.0ms)


Started GET "/home/team" for ::1 at 2019-05-30 15:03:11 -0400
Processing by HomeController#team as HTML
  Rendering home/team.html.erb within layouts/application
  Rendered home/team.html.erb within layouts/application (0.2ms)
  Rendered home/_navbar.html.erb (0.6ms)
Completed 500 Internal Server Error in 19ms (ActiveRecord: 0.0ms)


  
ActionView::Template::Error (Missing partial home/_barbar with {:locale=>[:en], :formats=>[:html], :variants=>[], :handlers=>[:raw, :erb, :html, :builder, :ruby, :coffee, :jbuilder]}. Searched in:
  * "/Users/carlosboykins/Desktop/ruby/hero2/app/views"
):
    13:   <body>
    14: 
    15:     <%= render 'home/navbar' %>
    16:     <%= render 'home/barbar' %>
    17:     <%= yield %>
    18: 
    19:   </body>
  
app/views/layouts/application.html.erb:16:in `_app_views_layouts_application_html_erb___3644965286769968561_70219370970360'
Started GET "/home/team" for ::1 at 2019-05-30 15:05:06 -0400
Processing by HomeController#team as HTML
  Rendering home/team.html.erb within layouts/application
  Rendered home/team.html.erb within layouts/application (0.2ms)
Started GET "/home/heroes" for ::1 at 2019-05-30 15:05:06 -0400
Started GET "/" for ::1 at 2019-05-30 15:05:06 -0400
Processing by HomeController#heroes as HTML
Processing by HomeController#index as HTML
  Rendering home/heroes.html.erb within layouts/application
  Rendered home/heroes.html.erb within layouts/application (0.2ms)
  Rendering home/index.html.erb within layouts/application
  Rendered home/index.html.erb within layouts/application (0.2ms)
  Rendered home/_navbar.html.erb (0.4ms)
Completed 200 OK in 47ms (Views: 46.8ms | ActiveRecord: 0.0ms)


  Rendered home/_navbar.html.erb (0.4ms)
Completed 200 OK in 46ms (Views: 44.0ms | ActiveRecord: 0.0ms)


  Rendered home/_navbar.html.erb (0.1ms)
Completed 200 OK in 48ms (Views: 46.4ms | ActiveRecord: 0.0ms)


